
> hackaton-troyano-fron-end@0.0.0 start
> ng serve

[1m[33mComponent HMR has been enabled, see https://angular.dev/hmr for more info.[39m[22m
[33m❯[39m Building...
[32m✔[39m Building...
Application bundle generation failed. [2.394 seconds]

[1m[31m[31mX [41;31m[[41;97mERROR[41;31m][0m [1mNG8002: Can't bind to 'feedbackLabel' since it isn't a known property of 'p-password'.
1. If 'p-password' is an Angular component and it has 'feedbackLabel' input, then verify that it is included in the '@Component.imports' of this component.
2. If 'p-password' is a Web Component then add 'CUSTOM_ELEMENTS_SCHEMA' to the '@Component.schemas' of this component to suppress this message.
3. To allow any property add 'NO_ERRORS_SCHEMA' to the '@Component.schemas' of this component.[0m [1m[35m[plugin angular-compiler][0m

    src/app/auth/login/login.component.html:39:10:
[37m      39 │           [32m[feedbackLabel]="''"[37m
         ╵           [32m~~~~~~~~~~~~~~~~~~~~[0m

  Error occurs in the template of component LoginComponent.

    src/app/auth/login/login.component.ts:25:15:
[37m      25 │   templateUrl: [32m'./login.component.html'[37m,
         ╵                [32m~~~~~~~~~~~~~~~~~~~~~~~~[0m


[31mX [41;31m[[41;97mERROR[41;31m][0m [1mNG8002: Can't bind to 'showFeedback' since it isn't a known property of 'p-password'.
1. If 'p-password' is an Angular component and it has 'showFeedback' input, then verify that it is included in the '@Component.imports' of this component.
2. If 'p-password' is a Web Component then add 'CUSTOM_ELEMENTS_SCHEMA' to the '@Component.schemas' of this component to suppress this message.
3. To allow any property add 'NO_ERRORS_SCHEMA' to the '@Component.schemas' of this component.[0m [1m[35m[plugin angular-compiler][0m

    src/app/auth/login/login.component.html:40:10:
[37m      40 │           [32m[showFeedback]="false"[37m
         ╵           [32m~~~~~~~~~~~~~~~~~~~~~~[0m

  Error occurs in the template of component LoginComponent.

    src/app/auth/login/login.component.ts:25:15:
[37m      25 │   templateUrl: [32m'./login.component.html'[37m,
         ╵                [32m~~~~~~~~~~~~~~~~~~~~~~~~[0m


[31mX [41;31m[[41;97mERROR[41;31m][0m [1mNG5002: Parser Error: Lexer Error: Unexpected character [ó] at column 31 in expression [let cred of usuariosDemostración] at column 32 in [let cred of usuariosDemostración] in D:\CP-KILLERS\hackaton_troyano_fron-end\src\app\auth\login\login.component.html@71:10[0m [1m[35m[plugin angular-compiler][0m

    src/app/auth/login/login.component.html:72:10:
[37m      72 │           [32m*ngFor="let cred of usuariosDemostración[37m"
         ╵           [32m~~~~~~~~~~~~~~~~~~~~~~~~~~~~~~~~~~~~~~~~[0m

  Error occurs in the template of component LoginComponent.

    src/app/auth/login/login.component.ts:25:15:
[37m      25 │   templateUrl: [32m'./login.component.html'[37m,
         ╵                [32m~~~~~~~~~~~~~~~~~~~~~~~~[0m


[31mX [41;31m[[41;97mERROR[41;31m][0m [1mNG5002: Parser Error: Unexpected token Lexer Error: Unexpected character [ó] at column 31 in expression [let cred of usuariosDemostración], expected identifier, keyword, or string at column 32 in [let cred of usuariosDemostración] in D:\CP-KILLERS\hackaton_troyano_fron-end\src\app\auth\login\login.component.html@71:10[0m [1m[35m[plugin angular-compiler][0m

    src/app/auth/login/login.component.html:72:10:
[37m      72 │           [32m*ngFor="let cred of usuariosDemostración[37m"
         ╵           [32m~~~~~~~~~~~~~~~~~~~~~~~~~~~~~~~~~~~~~~~~[0m

  Error occurs in the template of component LoginComponent.

    src/app/auth/login/login.component.ts:25:15:
[37m      25 │   templateUrl: [32m'./login.component.html'[37m,
         ╵                [32m~~~~~~~~~~~~~~~~~~~~~~~~[0m


[31mX [41;31m[[41;97mERROR[41;31m][0m [1mNG1: Property 'usuariosDemostraci' does not exist on type 'LoginComponent'. Did you mean 'usuariosDemostración'?[0m [1m[35m[plugin angular-compiler][0m

    src/app/auth/login/login.component.html:72:30:
[37m      72 │           *ngFor="let cred of [32musuariosDemostraci[37món"
         ╵                               [32m~~~~~~~~~~~~~~~~~~[0m

  Error occurs in the template of component LoginComponent.

    src/app/auth/login/login.component.ts:25:15:
[37m      25 │   templateUrl: [32m'./login.component.html'[37m,
         ╵                [32m~~~~~~~~~~~~~~~~~~~~~~~~[0m


[31mX [41;31m[[41;97mERROR[41;31m][0m [1mNG1: Property 'usarCredencialDemostraci' does not exist on type 'LoginComponent'. Did you mean 'usarCredencialDemostración'?[0m [1m[35m[plugin angular-compiler][0m

    src/app/auth/login/login.component.html:75:19:
[37m      75 │           (click)="[32musarCredencialDemostraci[37món(cred.usuario, cred....
         ╵                    [32m~~~~~~~~~~~~~~~~~~~~~~~~[0m

  Error occurs in the template of component LoginComponent.

    src/app/auth/login/login.component.ts:25:15:
[37m      25 │   templateUrl: [32m'./login.component.html'[37m,
         ╵                [32m~~~~~~~~~~~~~~~~~~~~~~~~[0m


[31mX [41;31m[[41;97mERROR[41;31m][0m [1mNG5002: Parser Error: Lexer Error: Unexpected character [ñ] at column 55 in expression [usarCredencialDemostración(cred.usuario, cred.contraseña)] at column 56 in [usarCredencialDemostración(cred.usuario, cred.contraseña)] in D:\CP-KILLERS\hackaton_troyano_fron-end\src\app\auth\login\login.component.html@74:19[0m [1m[35m[plugin angular-compiler][0m

    src/app/auth/login/login.component.html:75:19:
[37m      75 │ ... (click)="[32musarCredencialDemostración(cred.usuario, cred.contra[37m...
         ╵              [32m~~~~~~~~~~~~~~~~~~~~~~~~~~~~~~~~~~~~~~~~~~~~~~~~~~~~[0m

  Error occurs in the template of component LoginComponent.

    src/app/auth/login/login.component.ts:25:15:
[37m      25 │   templateUrl: [32m'./login.component.html'[37m,
         ╵                [32m~~~~~~~~~~~~~~~~~~~~~~~~[0m


[31mX [41;31m[[41;97mERROR[41;31m][0m [1mNG5002: Parser Error: Lexer Error: Unexpected character [ó] at column 25 in expression [usarCredencialDemostración(cred.usuario, cred.contraseña)] at column 26 in [usarCredencialDemostración(cred.usuario, cred.contraseña)] in D:\CP-KILLERS\hackaton_troyano_fron-end\src\app\auth\login\login.component.html@74:19[0m [1m[35m[plugin angular-compiler][0m

    src/app/auth/login/login.component.html:75:19:
[37m      75 │ ... (click)="[32musarCredencialDemostración(cred.usuario, cred.contra[37m...
         ╵              [32m~~~~~~~~~~~~~~~~~~~~~~~~~~~~~~~~~~~~~~~~~~~~~~~~~~~~[0m

  Error occurs in the template of component LoginComponent.

    src/app/auth/login/login.component.ts:25:15:
[37m      25 │   templateUrl: [32m'./login.component.html'[37m,
         ╵                [32m~~~~~~~~~~~~~~~~~~~~~~~~[0m


[31mX [41;31m[[41;97mERROR[41;31m][0m [1mNG5002: Parser Error: Lexer Error: Unexpected character [ó] at column 31 in expression [let cred of usuariosDemostración] at column 32 in [let cred of usuariosDemostración] in D:\CP-KILLERS\hackaton_troyano_fron-end\src\app\auth\login\login.component.html@71:10[0m [1m[35m[plugin angular-compiler][0m

    src/app/auth/login/login.component.html:75:19:
[37m      75 │ ... (click)="[32musarCredencialDemostración(cred.usuario, cred.contra[37m...
         ╵              [32m~~~~~~~~~~~~~~~~~~~~~~~~~~~~~~~~~~~~~~~~~~~~~~~~~~~~[0m

  Error occurs in the template of component LoginComponent.

    src/app/auth/login/login.component.ts:25:15:
[37m      25 │   templateUrl: [32m'./login.component.html'[37m,
         ╵                [32m~~~~~~~~~~~~~~~~~~~~~~~~[0m


[31mX [41;31m[[41;97mERROR[41;31m][0m [1mNG5002: Parser Error: Unexpected token 'Lexer Error: Unexpected character [ó] at column 25 in expression [usarCredencialDemostración(cred.usuario, cred.contraseña)]' at column 26 in [usarCredencialDemostración(cred.usuario, cred.contraseña)] in D:\CP-KILLERS\hackaton_troyano_fron-end\src\app\auth\login\login.component.html@74:19[0m [1m[35m[plugin angular-compiler][0m

    src/app/auth/login/login.component.html:75:19:
[37m      75 │ ... (click)="[32musarCredencialDemostración(cred.usuario, cred.contra[37m...
         ╵              [32m~~~~~~~~~~~~~~~~~~~~~~~~~~~~~~~~~~~~~~~~~~~~~~~~~~~~[0m

  Error occurs in the template of component LoginComponent.

    src/app/auth/login/login.component.ts:25:15:
[37m      25 │   templateUrl: [32m'./login.component.html'[37m,
         ╵                [32m~~~~~~~~~~~~~~~~~~~~~~~~[0m


[31mX [41;31m[[41;97mERROR[41;31m][0m [1mNG5002: Parser Error: Unexpected token Lexer Error: Unexpected character [ó] at column 31 in expression [let cred of usuariosDemostración], expected identifier, keyword, or string at column 32 in [let cred of usuariosDemostración] in D:\CP-KILLERS\hackaton_troyano_fron-end\src\app\auth\login\login.component.html@71:10[0m [1m[35m[plugin angular-compiler][0m

    src/app/auth/login/login.component.html:75:19:
[37m      75 │ ... (click)="[32musarCredencialDemostración(cred.usuario, cred.contra[37m...
         ╵              [32m~~~~~~~~~~~~~~~~~~~~~~~~~~~~~~~~~~~~~~~~~~~~~~~~~~~~[0m

  Error occurs in the template of component LoginComponent.

    src/app/auth/login/login.component.ts:25:15:
[37m      25 │   templateUrl: [32m'./login.component.html'[37m,
         ╵                [32m~~~~~~~~~~~~~~~~~~~~~~~~[0m


[31mX [41;31m[[41;97mERROR[41;31m][0m [1mNG5002: Parser Error: Lexer Error: Unexpected character [ñ] at column 55 in expression [usarCredencialDemostración(cred.usuario, cred.contraseña)] at column 56 in [usarCredencialDemostración(cred.usuario, cred.contraseña)] in D:\CP-KILLERS\hackaton_troyano_fron-end\src\app\auth\login\login.component.html@74:19[0m [1m[35m[plugin angular-compiler][0m

    src/app/auth/login/login.component.html:77:34:
[37m      77 │           <span class="demo-role">[32m{{ cred.rol }}[37m</span>
         ╵                                   [32m~~~~~~~~~~~~~~[0m

  Error occurs in the template of component LoginComponent.

    src/app/auth/login/login.component.ts:25:15:
[37m      25 │   templateUrl: [32m'./login.component.html'[37m,
         ╵                [32m~~~~~~~~~~~~~~~~~~~~~~~~[0m


[31mX [41;31m[[41;97mERROR[41;31m][0m [1mNG5002: Parser Error: Lexer Error: Unexpected character [ó] at column 25 in expression [usarCredencialDemostración(cred.usuario, cred.contraseña)] at column 26 in [usarCredencialDemostración(cred.usuario, cred.contraseña)] in D:\CP-KILLERS\hackaton_troyano_fron-end\src\app\auth\login\login.component.html@74:19[0m [1m[35m[plugin angular-compiler][0m

    src/app/auth/login/login.component.html:77:34:
[37m      77 │           <span class="demo-role">[32m{{ cred.rol }}[37m</span>
         ╵                                   [32m~~~~~~~~~~~~~~[0m

  Error occurs in the template of component LoginComponent.

    src/app/auth/login/login.component.ts:25:15:
[37m      25 │   templateUrl: [32m'./login.component.html'[37m,
         ╵                [32m~~~~~~~~~~~~~~~~~~~~~~~~[0m


[31mX [41;31m[[41;97mERROR[41;31m][0m [1mNG5002: Parser Error: Lexer Error: Unexpected character [ó] at column 31 in expression [let cred of usuariosDemostración] at column 32 in [let cred of usuariosDemostración] in D:\CP-KILLERS\hackaton_troyano_fron-end\src\app\auth\login\login.component.html@71:10[0m [1m[35m[plugin angular-compiler][0m

    src/app/auth/login/login.component.html:77:34:
[37m      77 │           <span class="demo-role">[32m{{ cred.rol }}[37m</span>
         ╵                                   [32m~~~~~~~~~~~~~~[0m

  Error occurs in the template of component LoginComponent.

    src/app/auth/login/login.component.ts:25:15:
[37m      25 │   templateUrl: [32m'./login.component.html'[37m,
         ╵                [32m~~~~~~~~~~~~~~~~~~~~~~~~[0m


[31mX [41;31m[[41;97mERROR[41;31m][0m [1mNG5002: Parser Error: Unexpected token 'Lexer Error: Unexpected character [ó] at column 25 in expression [usarCredencialDemostración(cred.usuario, cred.contraseña)]' at column 26 in [usarCredencialDemostración(cred.usuario, cred.contraseña)] in D:\CP-KILLERS\hackaton_troyano_fron-end\src\app\auth\login\login.component.html@74:19[0m [1m[35m[plugin angular-compiler][0m

    src/app/auth/login/login.component.html:77:34:
[37m      77 │           <span class="demo-role">[32m{{ cred.rol }}[37m</span>
         ╵                                   [32m~~~~~~~~~~~~~~[0m

  Error occurs in the template of component LoginComponent.

    src/app/auth/login/login.component.ts:25:15:
[37m      25 │   templateUrl: [32m'./login.component.html'[37m,
         ╵                [32m~~~~~~~~~~~~~~~~~~~~~~~~[0m


[31mX [41;31m[[41;97mERROR[41;31m][0m [1mNG5002: Parser Error: Unexpected token Lexer Error: Unexpected character [ó] at column 31 in expression [let cred of usuariosDemostración], expected identifier, keyword, or string at column 32 in [let cred of usuariosDemostración] in D:\CP-KILLERS\hackaton_troyano_fron-end\src\app\auth\login\login.component.html@71:10[0m [1m[35m[plugin angular-compiler][0m

    src/app/auth/login/login.component.html:77:34:
[37m      77 │           <span class="demo-role">[32m{{ cred.rol }}[37m</span>
         ╵                                   [32m~~~~~~~~~~~~~~[0m

  Error occurs in the template of component LoginComponent.

    src/app/auth/login/login.component.ts:25:15:
[37m      25 │   templateUrl: [32m'./login.component.html'[37m,
         ╵                [32m~~~~~~~~~~~~~~~~~~~~~~~~[0m


[31mX [41;31m[[41;97mERROR[41;31m][0m [1mNG5002: Parser Error: Lexer Error: Unexpected character [ñ] at column 55 in expression [usarCredencialDemostración(cred.usuario, cred.contraseña)] at column 56 in [usarCredencialDemostración(cred.usuario, cred.contraseña)] in D:\CP-KILLERS\hackaton_troyano_fron-end\src\app\auth\login\login.component.html@74:19[0m [1m[35m[plugin angular-compiler][0m

    src/app/auth/login/login.component.html:78:34:
[37m      78 │           <span class="demo-user">[32m{{ cred.usuario }}[37m</span>
         ╵                                   [32m~~~~~~~~~~~~~~~~~~[0m

  Error occurs in the template of component LoginComponent.

    src/app/auth/login/login.component.ts:25:15:
[37m      25 │   templateUrl: [32m'./login.component.html'[37m,
         ╵                [32m~~~~~~~~~~~~~~~~~~~~~~~~[0m


[31mX [41;31m[[41;97mERROR[41;31m][0m [1mNG5002: Parser Error: Lexer Error: Unexpected character [ó] at column 25 in expression [usarCredencialDemostración(cred.usuario, cred.contraseña)] at column 26 in [usarCredencialDemostración(cred.usuario, cred.contraseña)] in D:\CP-KILLERS\hackaton_troyano_fron-end\src\app\auth\login\login.component.html@74:19[0m [1m[35m[plugin angular-compiler][0m

    src/app/auth/login/login.component.html:78:34:
[37m      78 │           <span class="demo-user">[32m{{ cred.usuario }}[37m</span>
         ╵                                   [32m~~~~~~~~~~~~~~~~~~[0m

  Error occurs in the template of component LoginComponent.

    src/app/auth/login/login.component.ts:25:15:
[37m      25 │   templateUrl: [32m'./login.component.html'[37m,
         ╵                [32m~~~~~~~~~~~~~~~~~~~~~~~~[0m


[31mX [41;31m[[41;97mERROR[41;31m][0m [1mNG5002: Parser Error: Lexer Error: Unexpected character [ó] at column 31 in expression [let cred of usuariosDemostración] at column 32 in [let cred of usuariosDemostración] in D:\CP-KILLERS\hackaton_troyano_fron-end\src\app\auth\login\login.component.html@71:10[0m [1m[35m[plugin angular-compiler][0m

    src/app/auth/login/login.component.html:78:34:
[37m      78 │           <span class="demo-user">[32m{{ cred.usuario }}[37m</span>
         ╵                                   [32m~~~~~~~~~~~~~~~~~~[0m

  Error occurs in the template of component LoginComponent.

    src/app/auth/login/login.component.ts:25:15:
[37m      25 │   templateUrl: [32m'./login.component.html'[37m,
         ╵                [32m~~~~~~~~~~~~~~~~~~~~~~~~[0m


[31mX [41;31m[[41;97mERROR[41;31m][0m [1mNG5002: Parser Error: Unexpected token 'Lexer Error: Unexpected character [ó] at column 25 in expression [usarCredencialDemostración(cred.usuario, cred.contraseña)]' at column 26 in [usarCredencialDemostración(cred.usuario, cred.contraseña)] in D:\CP-KILLERS\hackaton_troyano_fron-end\src\app\auth\login\login.component.html@74:19[0m [1m[35m[plugin angular-compiler][0m

    src/app/auth/login/login.component.html:78:34:
[37m      78 │           <span class="demo-user">[32m{{ cred.usuario }}[37m</span>
         ╵                                   [32m~~~~~~~~~~~~~~~~~~[0m

  Error occurs in the template of component LoginComponent.

    src/app/auth/login/login.component.ts:25:15:
[37m      25 │   templateUrl: [32m'./login.component.html'[37m,
         ╵                [32m~~~~~~~~~~~~~~~~~~~~~~~~[0m


[31mX [41;31m[[41;97mERROR[41;31m][0m [1mNG5002: Parser Error: Unexpected token Lexer Error: Unexpected character [ó] at column 31 in expression [let cred of usuariosDemostración], expected identifier, keyword, or string at column 32 in [let cred of usuariosDemostración] in D:\CP-KILLERS\hackaton_troyano_fron-end\src\app\auth\login\login.component.html@71:10[0m [1m[35m[plugin angular-compiler][0m

    src/app/auth/login/login.component.html:78:34:
[37m      78 │           <span class="demo-user">[32m{{ cred.usuario }}[37m</span>
         ╵                                   [32m~~~~~~~~~~~~~~~~~~[0m

  Error occurs in the template of component LoginComponent.

    src/app/auth/login/login.component.ts:25:15:
[37m      25 │   templateUrl: [32m'./login.component.html'[37m,
         ╵                [32m~~~~~~~~~~~~~~~~~~~~~~~~[0m

[39m[22m
Watch mode enabled. Watching for file changes...
[33m❯[39m Changes detected. Rebuilding...
[32m✔[39m Changes detected. Rebuilding...
Application bundle generation failed. [1.040 seconds]

[1m[31m[31mX [41;31m[[41;97mERROR[41;31m][0m [1mNG8002: Can't bind to 'feedbackLabel' since it isn't a known property of 'p-password'.
1. If 'p-password' is an Angular component and it has 'feedbackLabel' input, then verify that it is included in the '@Component.imports' of this component.
2. If 'p-password' is a Web Component then add 'CUSTOM_ELEMENTS_SCHEMA' to the '@Component.schemas' of this component to suppress this message.
3. To allow any property add 'NO_ERRORS_SCHEMA' to the '@Component.schemas' of this component.[0m [1m[35m[plugin angular-compiler][0m

    src/app/auth/login/login.component.html:39:10:
[37m      39 │           [32m[feedbackLabel]="''"[37m
         ╵           [32m~~~~~~~~~~~~~~~~~~~~[0m

  Error occurs in the template of component LoginComponent.

    src/app/auth/login/login.component.ts:25:15:
[37m      25 │   templateUrl: [32m'./login.component.html'[37m,
         ╵                [32m~~~~~~~~~~~~~~~~~~~~~~~~[0m


[31mX [41;31m[[41;97mERROR[41;31m][0m [1mNG8002: Can't bind to 'showFeedback' since it isn't a known property of 'p-password'.
1. If 'p-password' is an Angular component and it has 'showFeedback' input, then verify that it is included in the '@Component.imports' of this component.
2. If 'p-password' is a Web Component then add 'CUSTOM_ELEMENTS_SCHEMA' to the '@Component.schemas' of this component to suppress this message.
3. To allow any property add 'NO_ERRORS_SCHEMA' to the '@Component.schemas' of this component.[0m [1m[35m[plugin angular-compiler][0m

    src/app/auth/login/login.component.html:40:10:
[37m      40 │           [32m[showFeedback]="false"[37m
         ╵           [32m~~~~~~~~~~~~~~~~~~~~~~[0m

  Error occurs in the template of component LoginComponent.

    src/app/auth/login/login.component.ts:25:15:
[37m      25 │   templateUrl: [32m'./login.component.html'[37m,
         ╵                [32m~~~~~~~~~~~~~~~~~~~~~~~~[0m


[31mX [41;31m[[41;97mERROR[41;31m][0m [1mNG1: Property 'usuariosDemostracion' does not exist on type 'LoginComponent'. Did you mean 'usuariosDemostración'?[0m [1m[35m[plugin angular-compiler][0m

    src/app/auth/login/login.component.html:72:30:
[37m      72 │           *ngFor="let cred of [32musuariosDemostracion[37m"
         ╵                               [32m~~~~~~~~~~~~~~~~~~~~[0m

  Error occurs in the template of component LoginComponent.

    src/app/auth/login/login.component.ts:25:15:
[37m      25 │   templateUrl: [32m'./login.component.html'[37m,
         ╵                [32m~~~~~~~~~~~~~~~~~~~~~~~~[0m


[31mX [41;31m[[41;97mERROR[41;31m][0m [1mNG1: Property 'usarCredencialDemostracion' does not exist on type 'LoginComponent'. Did you mean 'usarCredencialDemostración'?[0m [1m[35m[plugin angular-compiler][0m

    src/app/auth/login/login.component.html:75:19:
[37m      75 │           (click)="[32musarCredencialDemostracion[37m(cred.usuario, cred.c...
         ╵                    [32m~~~~~~~~~~~~~~~~~~~~~~~~~~[0m

  Error occurs in the template of component LoginComponent.

    src/app/auth/login/login.component.ts:25:15:
[37m      25 │   templateUrl: [32m'./login.component.html'[37m,
         ╵                [32m~~~~~~~~~~~~~~~~~~~~~~~~[0m

[39m[22m
[33m❯[39m Changes detected. Rebuilding...
[32m✔[39m Changes detected. Rebuilding...
Application bundle generation failed. [0.315 seconds]

[1m[31m[31mX [41;31m[[41;97mERROR[41;31m][0m [1mNG8002: Can't bind to 'feedbackLabel' since it isn't a known property of 'p-password'.
1. If 'p-password' is an Angular component and it has 'feedbackLabel' input, then verify that it is included in the '@Component.imports' of this component.
2. If 'p-password' is a Web Component then add 'CUSTOM_ELEMENTS_SCHEMA' to the '@Component.schemas' of this component to suppress this message.
3. To allow any property add 'NO_ERRORS_SCHEMA' to the '@Component.schemas' of this component.[0m [1m[35m[plugin angular-compiler][0m

    src/app/auth/login/login.component.html:39:10:
[37m      39 │           [32m[feedbackLabel]="''"[37m
         ╵           [32m~~~~~~~~~~~~~~~~~~~~[0m

  Error occurs in the template of component LoginComponent.

    src/app/auth/login/login.component.ts:25:15:
[37m      25 │   templateUrl: [32m'./login.component.html'[37m,
         ╵                [32m~~~~~~~~~~~~~~~~~~~~~~~~[0m


[31mX [41;31m[[41;97mERROR[41;31m][0m [1mNG8002: Can't bind to 'showFeedback' since it isn't a known property of 'p-password'.
1. If 'p-password' is an Angular component and it has 'showFeedback' input, then verify that it is included in the '@Component.imports' of this component.
2. If 'p-password' is a Web Component then add 'CUSTOM_ELEMENTS_SCHEMA' to the '@Component.schemas' of this component to suppress this message.
3. To allow any property add 'NO_ERRORS_SCHEMA' to the '@Component.schemas' of this component.[0m [1m[35m[plugin angular-compiler][0m

    src/app/auth/login/login.component.html:40:10:
[37m      40 │           [32m[showFeedback]="false"[37m
         ╵           [32m~~~~~~~~~~~~~~~~~~~~~~[0m

  Error occurs in the template of component LoginComponent.

    src/app/auth/login/login.component.ts:25:15:
[37m      25 │   templateUrl: [32m'./login.component.html'[37m,
         ╵                [32m~~~~~~~~~~~~~~~~~~~~~~~~[0m


[31mX [41;31m[[41;97mERROR[41;31m][0m [1mNG1: Property 'usarCredencialDemostracion' does not exist on type 'LoginComponent'. Did you mean 'usarCredencialDemostración'?[0m [1m[35m[plugin angular-compiler][0m

    src/app/auth/login/login.component.html:75:19:
[37m      75 │           (click)="[32musarCredencialDemostracion[37m(cred.usuario, cred.c...
         ╵                    [32m~~~~~~~~~~~~~~~~~~~~~~~~~~[0m

  Error occurs in the template of component LoginComponent.

    src/app/auth/login/login.component.ts:25:15:
[37m      25 │   templateUrl: [32m'./login.component.html'[37m,
         ╵                [32m~~~~~~~~~~~~~~~~~~~~~~~~[0m

[39m[22m
[33m❯[39m Changes detected. Rebuilding...
[32m✔[39m Changes detected. Rebuilding...
Application bundle generation failed. [0.328 seconds]

[1m[31m[31mX [41;31m[[41;97mERROR[41;31m][0m [1mNG8002: Can't bind to 'feedbackLabel' since it isn't a known property of 'p-password'.
1. If 'p-password' is an Angular component and it has 'feedbackLabel' input, then verify that it is included in the '@Component.imports' of this component.
2. If 'p-password' is a Web Component then add 'CUSTOM_ELEMENTS_SCHEMA' to the '@Component.schemas' of this component to suppress this message.
3. To allow any property add 'NO_ERRORS_SCHEMA' to the '@Component.schemas' of this component.[0m [1m[35m[plugin angular-compiler][0m

    src/app/auth/login/login.component.html:39:10:
[37m      39 │           [32m[feedbackLabel]="''"[37m
         ╵           [32m~~~~~~~~~~~~~~~~~~~~[0m

  Error occurs in the template of component LoginComponent.

    src/app/auth/login/login.component.ts:25:15:
[37m      25 │   templateUrl: [32m'./login.component.html'[37m,
         ╵                [32m~~~~~~~~~~~~~~~~~~~~~~~~[0m


[31mX [41;31m[[41;97mERROR[41;31m][0m [1mNG8002: Can't bind to 'showFeedback' since it isn't a known property of 'p-password'.
1. If 'p-password' is an Angular component and it has 'showFeedback' input, then verify that it is included in the '@Component.imports' of this component.
2. If 'p-password' is a Web Component then add 'CUSTOM_ELEMENTS_SCHEMA' to the '@Component.schemas' of this component to suppress this message.
3. To allow any property add 'NO_ERRORS_SCHEMA' to the '@Component.schemas' of this component.[0m [1m[35m[plugin angular-compiler][0m

    src/app/auth/login/login.component.html:40:10:
[37m      40 │           [32m[showFeedback]="false"[37m
         ╵           [32m~~~~~~~~~~~~~~~~~~~~~~[0m

  Error occurs in the template of component LoginComponent.

    src/app/auth/login/login.component.ts:25:15:
[37m      25 │   templateUrl: [32m'./login.component.html'[37m,
         ╵                [32m~~~~~~~~~~~~~~~~~~~~~~~~[0m

[39m[22m
[33m❯[39m Changes detected. Rebuilding...
[32m✔[39m Changes detected. Rebuilding...
Application bundle generation failed. [0.229 seconds]

[1m[31m[31mX [41;31m[[41;97mERROR[41;31m][0m [1mNG8002: Can't bind to 'feedbackLabel' since it isn't a known property of 'p-password'.
1. If 'p-password' is an Angular component and it has 'feedbackLabel' input, then verify that it is included in the '@Component.imports' of this component.
2. If 'p-password' is a Web Component then add 'CUSTOM_ELEMENTS_SCHEMA' to the '@Component.schemas' of this component to suppress this message.
3. To allow any property add 'NO_ERRORS_SCHEMA' to the '@Component.schemas' of this component.[0m [1m[35m[plugin angular-compiler][0m

    src/app/auth/login/login.component.html:39:10:
[37m      39 │           [32m[feedbackLabel]="''"[37m
         ╵           [32m~~~~~~~~~~~~~~~~~~~~[0m

  Error occurs in the template of component LoginComponent.

    src/app/auth/login/login.component.ts:25:15:
[37m      25 │   templateUrl: [32m'./login.component.html'[37m,
         ╵                [32m~~~~~~~~~~~~~~~~~~~~~~~~[0m


[31mX [41;31m[[41;97mERROR[41;31m][0m [1mNG8002: Can't bind to 'showFeedback' since it isn't a known property of 'p-password'.
1. If 'p-password' is an Angular component and it has 'showFeedback' input, then verify that it is included in the '@Component.imports' of this component.
2. If 'p-password' is a Web Component then add 'CUSTOM_ELEMENTS_SCHEMA' to the '@Component.schemas' of this component to suppress this message.
3. To allow any property add 'NO_ERRORS_SCHEMA' to the '@Component.schemas' of this component.[0m [1m[35m[plugin angular-compiler][0m

    src/app/auth/login/login.component.html:40:10:
[37m      40 │           [32m[showFeedback]="false"[37m
         ╵           [32m~~~~~~~~~~~~~~~~~~~~~~[0m

  Error occurs in the template of component LoginComponent.

    src/app/auth/login/login.component.ts:25:15:
[37m      25 │   templateUrl: [32m'./login.component.html'[37m,
         ╵                [32m~~~~~~~~~~~~~~~~~~~~~~~~[0m

[39m[22m
[33m❯[39m Changes detected. Rebuilding...
[32m✔[39m Changes detected. Rebuilding...
[1mInitial chunk files[22m[2m | [22m[1mNames[22m           [2m | [22m [1mRaw size[22m
[32mmain.js[39m            [2m | [22m[2mmain[22m            [2m | [22m [36m81.79 kB[39m[2m | [22m
[32mchunk-CZ65ALVQ.js[39m  [2m | [22m[2m-[22m               [2m | [22m [36m14.39 kB[39m[2m | [22m
[32mstyles.css[39m         [2m | [22m[2mstyles[22m          [2m | [22m  [36m6.11 kB[39m[2m | [22m
[32mchunk-UBQ3UHFI.js[39m  [2m | [22m[2m-[22m               [2m | [22m  [36m4.88 kB[39m[2m | [22m
[32mchunk-OEM4JKFN.js[39m  [2m | [22m[2m-[22m               [2m | [22m  [36m2.23 kB[39m[2m | [22m
[32mchunk-VUJOFXKG.js[39m  [2m | [22m[2m-[22m               [2m | [22m[36m938 bytes[39m[2m | [22m

[1m [22m                  [2m | [22m[1mInitial total[22m   [2m | [22m[1m110.34 kB[22m

[1mLazy chunk files[22m   [2m | [22m[1mNames[22m           [2m | [22m [1mRaw size[22m
[32mchunk-YXXCBIPE.js[39m  [2m | [22m[2mllamadas[22m        [2m | [22m[36m119.50 kB[39m[2m | [22m
[32mchunk-JRWH6XMG.js[39m  [2m | [22m[2mlanding[22m         [2m | [22m [36m87.90 kB[39m[2m | [22m
[32mchunk-VNBZRQUU.js[39m  [2m | [22m[2mdashboard[22m       [2m | [22m [36m46.43 kB[39m[2m | [22m
[32mchunk-5YNAVF6P.js[39m  [2m | [22m[2mlogin[22m           [2m | [22m [36m32.36 kB[39m[2m | [22m
[32mchunk-BRMODOVB.js[39m  [2m | [22m[2mllamada-detalle[22m [2m | [22m [36m30.03 kB[39m[2m | [22m
[32mchunk-HQJL7SKP.js[39m  [2m | [22m[2mchat-ia[22m         [2m | [22m [36m29.64 kB[39m[2m | [22m
[32mchunk-B5FC6VXN.js[39m  [2m | [22m[2mcitas[22m           [2m | [22m [36m29.37 kB[39m[2m | [22m
[32mchunk-6K5HOL2Z.js[39m  [2m | [22m[2malertas[22m         [2m | [22m [36m20.67 kB[39m[2m | [22m
[32mchunk-FFG7ZSEE.js[39m  [2m | [22m[2mayuda[22m           [2m | [22m [36m19.69 kB[39m[2m | [22m
[32mchunk-VX62CAL6.js[39m  [2m | [22m[2musuario-selector[22m[2m | [22m [36m17.37 kB[39m[2m | [22m
[32mchunk-SMINJ5WG.js[39m  [2m | [22m[2magentes[22m         [2m | [22m [36m14.34 kB[39m[2m | [22m
[32mchunk-PGVLHUMF.js[39m  [2m | [22m[2m-[22m               [2m | [22m [36m12.85 kB[39m[2m | [22m
[32mchunk-P5ZFKULN.js[39m  [2m | [22m[2m-[22m               [2m | [22m  [36m7.21 kB[39m[2m | [22m
[32mchunk-A7OFJIZE.js[39m  [2m | [22m[2m-[22m               [2m | [22m  [36m6.45 kB[39m[2m | [22m
[32mchunk-PDLDMZ6G.js[39m  [2m | [22m[2m-[22m               [2m | [22m  [36m2.14 kB[39m[2m | [22m

Application bundle generation complete. [0.469 seconds]

NOTE: Raw file sizes do not reflect development server per-request transformations.
[1m[31mAn unhandled exception occurred: Port 4200 is already in use
See "C:\Users\moise\AppData\Local\Temp\ng-8srZ92\angular-errors.log" for further details.[39m[22m
D:\CP-KILLERS\hackaton_troyano_fron-end\node_modules\@angular-devkit\architect\node_modules\rxjs\dist\cjs\internal\util\reportUnhandledError.js:13
            throw err;
            ^

Error: Port 4200 is already in use
    at Server.onError (file:///D:/CP-KILLERS/hackaton_troyano_fron-end/node_modules/vite/dist/node/chunks/dep-Dq2t6Dq0.js:25023:18)
    at Server.emit (node:events:508:28)
    at emitErrorNT (node:net:1976:8)
    at process.processTicksAndRejections (node:internal/process/task_queues:89:21)

Node.js v24.13.0
